<?xml version="1.0" encoding="UTF-8"?>
<!-- Generated by org.testng.reporters.JUnitXMLReporter -->
<testsuite hostname="Marianes-MacBook-Pro.local" tests="7" failures="0" timestamp="5 Jun 2017 05:08:52 GMT" time="505.286" errors="0">
  <testcase name="searchAddNoter" time="84.132" classname="FriendsTab"/>
  <testcase name="acceptFriendRequest" time="64.544" classname="FriendsTab"/>
  <testcase name="rejectFriendRequest" time="68.788" classname="FriendsTab"/>
  <testcase name="searchFriends" time="32.271" classname="FriendsTab"/>
  <testcase name="voiceCall" time="81.863" classname="FriendsTab"/>
  <testcase name="videoCall" time="85.56" classname="FriendsTab"/>
  <testcase name="unfriendUser" time="68.799" classname="FriendsTab"/>
</testsuite>
