<?xml version="1.0" encoding="UTF-8"?>
<!-- Generated by org.testng.reporters.JUnitXMLReporter -->
<testsuite hostname="Marianes-MacBook-Pro.local" tests="6" failures="0" timestamp="7 Jun 2017 06:34:51 GMT" time="519.316" errors="0">
  <testcase name="createNewGroup" time="136.085" classname="GroupsTab"/>
  <testcase name="updateGroupName" time="72.578" classname="GroupsTab"/>
  <testcase name="sendMsgtoGroup" time="82.069" classname="GroupsTab"/>
  <testcase name="deleteGrpMessage" time="74.295" classname="GroupsTab"/>
  <testcase name="changeGroupImagefromCamera" time="95.822" classname="GroupsTab"/>
  <testcase name="leaveGroup" time="39.901" classname="GroupsTab"/>
</testsuite>
