<?xml version="1.0" encoding="UTF-8"?>
<!-- Generated by org.testng.reporters.JUnitXMLReporter -->
<testsuite hostname="Marianes-MacBook-Pro.local" tests="6" failures="0" timestamp="29 May 2017 03:23:03 GMT" time="482.469" errors="0">
  <testcase name="testViewProfile" time="39.034" classname="MeTab"/>
  <testcase name="testEditProfile" time="200.716" classname="MeTab"/>
  <testcase name="uploadProfilePictureGallery" time="67.63" classname="MeTab"/>
  <testcase name="uploadProfilePictureCamera" time="55.485" classname="MeTab"/>
  <testcase name="uploadCoverPhotoGallery" time="36.19" classname="MeTab"/>
  <testcase name="uploadCoverPhotoCamera" time="66.078" classname="MeTab"/>
</testsuite>
