<?xml version="1.0" encoding="UTF-8"?>
<!-- Generated by org.testng.reporters.JUnitXMLReporter -->
<testsuite hostname="Marianes-MacBook-Pro.local" tests="7" failures="0" timestamp="30 May 2017 06:12:31 GMT" time="316.31" errors="0">
  <testcase name="friendRequestNotif" time="63.723" classname="SettingsTab"/>
  <testcase name="addFriend" time="91.881" classname="SettingsTab"/>
  <testcase name="messageSettings" time="8.744" classname="SettingsTab"/>
  <testcase name="blockUser" time="56.484" classname="SettingsTab"/>
  <testcase name="viewTermsOfService" time="15.465" classname="SettingsTab"/>
  <testcase name="viewAboutNAChat" time="37.416" classname="SettingsTab"/>
  <testcase name="logout" time="24.438" classname="SettingsTab"/>
</testsuite>
