<?xml version="1.0" encoding="UTF-8"?>
<testng-results skipped="0" failed="0" total="1" passed="1">
  <reporter-output>
  </reporter-output>
  <suite name="All Scenarios" duration-ms="94052" started-at="2017-06-08T02:48:26Z" finished-at="2017-06-08T02:50:00Z">
    <groups>
    </groups>
    <test name="Login with Mobile" duration-ms="94052" started-at="2017-06-08T02:48:26Z" finished-at="2017-06-08T02:50:00Z">
      <class name="SignWithMobileNo">
        <test-method status="PASS" signature="testBeforeSuite()[pri:0, instance:SignWithMobileNo@4563e9ab]" name="testBeforeSuite" is-config="true" duration-ms="13" started-at="2017-06-08T10:48:26Z" finished-at="2017-06-08T10:48:26Z">
          <reporter-output>
          </reporter-output>
        </test-method> <!-- testBeforeSuite -->
        <test-method status="PASS" signature="testBeforeTest()[pri:0, instance:SignWithMobileNo@4563e9ab]" name="testBeforeTest" is-config="true" duration-ms="16684" started-at="2017-06-08T10:48:26Z" finished-at="2017-06-08T10:48:42Z">
          <reporter-output>
          </reporter-output>
        </test-method> <!-- testBeforeTest -->
        <test-method status="PASS" signature="invalidNumber()[pri:0, instance:SignWithMobileNo@4563e9ab]" name="invalidNumber" duration-ms="75946" started-at="2017-06-08T10:48:42Z" finished-at="2017-06-08T10:49:58Z">
          <reporter-output>
          </reporter-output>
        </test-method> <!-- invalidNumber -->
        <test-method status="PASS" signature="testAfterTest()[pri:0, instance:SignWithMobileNo@4563e9ab]" name="testAfterTest" is-config="true" duration-ms="1412" started-at="2017-06-08T10:49:58Z" finished-at="2017-06-08T10:50:00Z">
          <reporter-output>
          </reporter-output>
        </test-method> <!-- testAfterTest -->
        <test-method status="PASS" signature="testAfterSuite()[pri:0, instance:SignWithMobileNo@4563e9ab]" name="testAfterSuite" is-config="true" duration-ms="0" started-at="2017-06-08T10:50:05Z" finished-at="2017-06-08T10:50:05Z">
          <reporter-output>
          </reporter-output>
        </test-method> <!-- testAfterSuite -->
      </class> <!-- SignWithMobileNo -->
    </test> <!-- Login with Mobile -->
  </suite> <!-- All Scenarios -->
</testng-results>
